2024-04-03T08:18:28.003+05:30  INFO 15276 --- [logger_implemenation] [main] c.e.a.LoggerImplemenationApplication     : Starting LoggerImplemenationApplication using Java 17.0.8.1 with PID 15276 (C:\Users\chand\eclipse-workspace\codeing\39sbms_codeing\logger_implemenation\target\classes started by chand in C:\Users\chand\eclipse-workspace\codeing\39sbms_codeing\logger_implemenation)
2024-04-03T08:18:28.006+05:30  INFO 15276 --- [logger_implemenation] [main] c.e.a.LoggerImplemenationApplication     : No active profile set, falling back to 1 default profile: "default"
2024-04-03T08:18:28.707+05:30  INFO 15276 --- [logger_implemenation] [main] o.s.b.w.embedded.tomcat.TomcatWebServer  : Tomcat initialized with port 8992 (http)
2024-04-03T08:18:28.741+05:30  INFO 15276 --- [logger_implemenation] [main] o.apache.catalina.core.StandardService   : Starting service [Tomcat]
2024-04-03T08:18:28.741+05:30  INFO 15276 --- [logger_implemenation] [main] o.apache.catalina.core.StandardEngine    : Starting Servlet engine: [Apache Tomcat/10.1.19]
2024-04-03T08:18:28.785+05:30  INFO 15276 --- [logger_implemenation] [main] o.a.c.c.C.[Tomcat].[localhost].[/]       : Initializing Spring embedded WebApplicationContext
2024-04-03T08:18:28.786+05:30  INFO 15276 --- [logger_implemenation] [main] w.s.c.ServletWebServerApplicationContext : Root WebApplicationContext: initialization completed in 738 ms
2024-04-03T08:18:29.068+05:30  INFO 15276 --- [logger_implemenation] [main] o.s.b.w.embedded.tomcat.TomcatWebServer  : Tomcat started on port 8992 (http) with context path ''
2024-04-03T08:18:29.076+05:30  INFO 15276 --- [logger_implemenation] [main] c.e.a.LoggerImplemenationApplication     : Started LoggerImplemenationApplication in 1.446 seconds (process running for 2.035)
2024-04-03T08:18:29.078+05:30  INFO 15276 --- [logger_implemenation] [main] c.e.a.LoggerImplemenationApplication     : My main method is executed
2024-04-03T08:18:34.456+05:30  INFO 15276 --- [logger_implemenation] [http-nio-8992-exec-1] o.a.c.c.C.[Tomcat].[localhost].[/]       : Initializing Spring DispatcherServlet 'dispatcherServlet'
2024-04-03T08:18:34.456+05:30  INFO 15276 --- [logger_implemenation] [http-nio-8992-exec-1] o.s.web.servlet.DispatcherServlet        : Initializing Servlet 'dispatcherServlet'
2024-04-03T08:18:34.457+05:30  INFO 15276 --- [logger_implemenation] [http-nio-8992-exec-1] o.s.web.servlet.DispatcherServlet        : Completed initialization in 1 ms
2024-04-03T08:18:34.483+05:30  INFO 15276 --- [logger_implemenation] [http-nio-8992-exec-1] c.e.ashokit.controler.LoggerController   : I am inside the getWelcomeMsg
2024-04-03T08:18:39.038+05:30  INFO 15276 --- [logger_implemenation] [http-nio-8992-exec-4] c.e.ashokit.controler.LoggerController   : I am inside the getWelcomeMsg
2024-04-03T09:06:15.024+05:30  INFO 15276 --- [logger_implemenation] [RMI TCP Connection(51)-127.0.0.1] inMXBeanRegistrar$SpringApplicationAdmin : Application shutdown requested.
2024-04-03 09:23:00,087[main] INFO  c.e.a.LoggerImplemenationApplication - I am inside the application class
2024-04-03 09:23:00,441[main] INFO  c.e.a.LoggerImplemenationApplication - Starting LoggerImplemenationApplication using Java 17.0.8.1 with PID 2716 (C:\Users\chand\eclipse-workspace\codeing\39sbms_codeing\logger_implemenation\target\classes started by chand in C:\Users\chand\eclipse-workspace\codeing\39sbms_codeing\logger_implemenation)
2024-04-03 09:23:00,448[main] INFO  c.e.a.LoggerImplemenationApplication - No active profile set, falling back to 1 default profile: "default"
2024-04-03 09:23:01,206[main] INFO  o.s.b.w.embedded.tomcat.TomcatWebServer - Tomcat initialized with port 8992 (http)
2024-04-03 09:23:01,216[main] INFO  o.apache.coyote.http11.Http11NioProtocol - Initializing ProtocolHandler ["http-nio-8992"]
2024-04-03 09:23:01,219[main] INFO  o.apache.catalina.core.StandardService - Starting service [Tomcat]
2024-04-03 09:23:01,219[main] INFO  org.apache.catalina.core.StandardEngine - Starting Servlet engine: [Apache Tomcat/10.1.19]
2024-04-03 09:23:01,270[main] INFO  o.a.c.c.C.[Tomcat].[localhost].[/] - Initializing Spring embedded WebApplicationContext
2024-04-03 09:23:01,270[main] INFO  o.s.b.w.s.c.ServletWebServerApplicationContext - Root WebApplicationContext: initialization completed in 771 ms
2024-04-03 09:23:01,544[main] INFO  o.apache.coyote.http11.Http11NioProtocol - Starting ProtocolHandler ["http-nio-8992"]
2024-04-03 09:23:01,562[main] INFO  o.s.b.w.embedded.tomcat.TomcatWebServer - Tomcat started on port 8992 (http) with context path ''
2024-04-03 09:23:01,570[main] INFO  c.e.a.LoggerImplemenationApplication - Started LoggerImplemenationApplication in 1.424 seconds (process running for 2.171)
2024-04-03 09:23:01,572[main] INFO  c.e.a.LoggerImplemenationApplication - My main method is executed
2024-04-03 09:23:18,499[http-nio-8992-exec-1] INFO  o.a.c.c.C.[Tomcat].[localhost].[/] - Initializing Spring DispatcherServlet 'dispatcherServlet'
2024-04-03 09:23:18,499[http-nio-8992-exec-1] INFO  o.s.web.servlet.DispatcherServlet - Initializing Servlet 'dispatcherServlet'
2024-04-03 09:23:18,500[http-nio-8992-exec-1] INFO  o.s.web.servlet.DispatcherServlet - Completed initialization in 1 ms
2024-04-03 09:23:18,523[http-nio-8992-exec-1] INFO  c.e.ashokit.controler.LoggerController - I am inside the getHiMsg
2024-04-03 09:23:23,242[http-nio-8992-exec-3] INFO  c.e.ashokit.controler.LoggerController - I am inside the getWelcomeMsg
2024-04-03 09:23:34,354[http-nio-8992-exec-2] INFO  c.e.ashokit.controler.LoggerController - I am inside the getWelcomeMsg
2024-04-03 09:24:25,021[RMI TCP Connection(4)-127.0.0.1] INFO  o.s.b.a.SpringApplicationAdminMXBeanRegistrar$SpringApplicationAdmin - Application shutdown requested.
2024-04-03 09:24:25,023[RMI TCP Connection(4)-127.0.0.1] INFO  o.apache.coyote.http11.Http11NioProtocol - Stopping ProtocolHandler ["http-nio-8992"]
2024-04-03 09:24:32,800[main] INFO  c.e.a.LoggerImplemenationApplication - I am inside the application class
2024-04-03 09:24:33,188[main] INFO  c.e.a.LoggerImplemenationApplication - Starting LoggerImplemenationApplication using Java 17.0.8.1 with PID 18308 (C:\Users\chand\eclipse-workspace\codeing\39sbms_codeing\logger_implemenation\target\classes started by chand in C:\Users\chand\eclipse-workspace\codeing\39sbms_codeing\logger_implemenation)
2024-04-03 09:24:33,189[main] INFO  c.e.a.LoggerImplemenationApplication - No active profile set, falling back to 1 default profile: "default"
2024-04-03 09:24:33,989[main] INFO  o.s.b.w.embedded.tomcat.TomcatWebServer - Tomcat initialized with port 8992 (http)
2024-04-03 09:24:34,005[main] INFO  o.apache.coyote.http11.Http11NioProtocol - Initializing ProtocolHandler ["http-nio-8992"]
2024-04-03 09:24:34,007[main] INFO  o.apache.catalina.core.StandardService - Starting service [Tomcat]
2024-04-03 09:24:34,007[main] INFO  org.apache.catalina.core.StandardEngine - Starting Servlet engine: [Apache Tomcat/10.1.19]
2024-04-03 09:24:34,070[main] INFO  o.a.c.c.C.[Tomcat].[localhost].[/] - Initializing Spring embedded WebApplicationContext
2024-04-03 09:24:34,070[main] INFO  o.s.b.w.s.c.ServletWebServerApplicationContext - Root WebApplicationContext: initialization completed in 834 ms
2024-04-03 09:24:34,364[main] INFO  o.apache.coyote.http11.Http11NioProtocol - Starting ProtocolHandler ["http-nio-8992"]
2024-04-03 09:24:34,378[main] INFO  o.s.b.w.embedded.tomcat.TomcatWebServer - Tomcat started on port 8992 (http) with context path ''
2024-04-03 09:24:34,384[main] INFO  c.e.a.LoggerImplemenationApplication - Started LoggerImplemenationApplication in 1.504 seconds (process running for 2.217)
2024-04-03 09:24:34,386[main] INFO  c.e.a.LoggerImplemenationApplication - My main method is executed
2024-04-03 09:24:39,543[http-nio-8992-exec-1] INFO  o.a.c.c.C.[Tomcat].[localhost].[/] - Initializing Spring DispatcherServlet 'dispatcherServlet'
2024-04-03 09:24:39,544[http-nio-8992-exec-1] INFO  o.s.web.servlet.DispatcherServlet - Initializing Servlet 'dispatcherServlet'
2024-04-03 09:24:39,544[http-nio-8992-exec-1] INFO  o.s.web.servlet.DispatcherServlet - Completed initialization in 0 ms
2024-04-03 09:24:39,572[http-nio-8992-exec-1] INFO  c.e.ashokit.controler.LoggerController - I am inside the getHiMsg
2024-04-03 09:24:43,171[http-nio-8992-exec-4] INFO  c.e.ashokit.controler.LoggerController - I am inside the getHelloMsg
2024-04-03 09:24:47,000[http-nio-8992-exec-5] INFO  c.e.ashokit.controler.LoggerController - I am inside the getWelcomeMsg
2024-04-03 09:28:20,800[RMI TCP Connection(7)-127.0.0.1] INFO  o.s.b.a.SpringApplicationAdminMXBeanRegistrar$SpringApplicationAdmin - Application shutdown requested.
2024-04-03 09:28:20,801[RMI TCP Connection(7)-127.0.0.1] INFO  o.apache.coyote.http11.Http11NioProtocol - Stopping ProtocolHandler ["http-nio-8992"]
